<?xml version="1.0" encoding="UTF-8"?>
<!-- Generated by org.testng.reporters.JUnitReportReporter -->
<testsuite hostname="BLRL42504" name="com.qa.tests.TC_ValidateErrorMessages_Payment" tests="5" failures="0" timestamp="19 Nov 2018 19:09:27 GMT" time="21.941" errors="0">
  <testcase name="NavigateToURL" time="8.465" classname="com.qa.tests.TC_ValidateErrorMessages_Payment"/>
  <testcase name="closeDriver" time="0.013" classname="com.qa.tests.TC_ValidateErrorMessages_Payment"/>
  <testcase name="launchbrowser" time="5.167" classname="com.qa.tests.TC_ValidateErrorMessages_Payment"/>
  <testcase name="EnterUserDetails" time="6.148" classname="com.qa.tests.TC_ValidateErrorMessages_Payment"/>
  <testcase name="ValidatePaymentErrorMessages" time="2.148" classname="com.qa.tests.TC_ValidateErrorMessages_Payment"/>
</testsuite> <!-- com.qa.tests.TC_ValidateErrorMessages_Payment -->
