<?xml version="1.0" encoding="UTF-8"?>
<!-- Generated by org.testng.reporters.JUnitReportReporter -->
<testsuite hostname="BLRL42504" name="com.qa.tests.TC_ConfirmAndValidateBooking" tests="6" failures="0" timestamp="19 Nov 2018 19:09:27 GMT" time="27.034" errors="0">
  <testcase name="confirmBooking" time="4.851" classname="com.qa.tests.TC_ConfirmAndValidateBooking"/>
  <testcase name="NavigateToURL" time="8.487" classname="com.qa.tests.TC_ConfirmAndValidateBooking"/>
  <testcase name="EnterUserDetails" time="6.180" classname="com.qa.tests.TC_ConfirmAndValidateBooking"/>
  <testcase name="launchbrowser" time="5.385" classname="com.qa.tests.TC_ConfirmAndValidateBooking"/>
  <testcase name="EnterPaymentDetails" time="2.119" classname="com.qa.tests.TC_ConfirmAndValidateBooking"/>
  <testcase name="closeDriver" time="0.012" classname="com.qa.tests.TC_ConfirmAndValidateBooking"/>
</testsuite> <!-- com.qa.tests.TC_ConfirmAndValidateBooking -->
