<?xml version="1.0" encoding="UTF-8"?>
<!-- Generated by org.testng.reporters.JUnitReportReporter -->
<testsuite hostname="BLRL42504" name="com.qa.tests.TC_ValidatePromoCode" tests="5" failures="0" timestamp="19 Nov 2018 19:09:26 GMT" time="25.311" errors="0">
  <testcase name="ValidatePromoCode" time="4.493" classname="com.qa.tests.TC_ValidatePromoCode"/>
  <testcase name="NavigateToURL" time="8.545" classname="com.qa.tests.TC_ValidatePromoCode"/>
  <testcase name="AEnterUserDetails" time="6.785" classname="com.qa.tests.TC_ValidatePromoCode"/>
  <testcase name="closeDriver" time="0.009" classname="com.qa.tests.TC_ValidatePromoCode"/>
  <testcase name="launchbrowser" time="5.479" classname="com.qa.tests.TC_ValidatePromoCode"/>
</testsuite> <!-- com.qa.tests.TC_ValidatePromoCode -->
