<?xml version="1.0" encoding="UTF-8"?>
<!-- Generated by org.testng.reporters.JUnitReportReporter -->
<testsuite hostname="BLRL42504" name="com.qa.tests.TC_ValidateErrorMessages_BookinDetails" tests="4" failures="0" timestamp="19 Nov 2018 19:09:26 GMT" time="18.451" errors="0">
  <testcase name="NavigateToURL" time="8.485" classname="com.qa.tests.TC_ValidateErrorMessages_BookinDetails"/>
  <testcase name="launchbrowser" time="5.433" classname="com.qa.tests.TC_ValidateErrorMessages_BookinDetails"/>
  <testcase name="ValidateErrorMessages" time="4.526" classname="com.qa.tests.TC_ValidateErrorMessages_BookinDetails"/>
  <testcase name="closeDriver" time="0.007" classname="com.qa.tests.TC_ValidateErrorMessages_BookinDetails"/>
</testsuite> <!-- com.qa.tests.TC_ValidateErrorMessages_BookinDetails -->
