<?xml version="1.0" encoding="UTF-8"?>
<!-- Generated by org.testng.reporters.JUnitReportReporter -->
<testsuite hostname="BLRL42504" name="com.qa.tests.TC_ValidateModify" tests="6" failures="0" timestamp="19 Nov 2018 19:09:26 GMT" time="24.572" errors="0">
  <testcase name="EnterUserDetails" time="6.471" classname="com.qa.tests.TC_ValidateModify"/>
  <testcase name="closeDriver" time="0.019" classname="com.qa.tests.TC_ValidateModify"/>
  <testcase name="ModifyDetailsAndValidate" time="2.868" classname="com.qa.tests.TC_ValidateModify"/>
  <testcase name="launchbrowser" time="5.588" classname="com.qa.tests.TC_ValidateModify"/>
  <testcase name="validateUserDetails" time="0.965" classname="com.qa.tests.TC_ValidateModify"/>
  <testcase name="NavigateToURL" time="8.661" classname="com.qa.tests.TC_ValidateModify"/>
</testsuite> <!-- com.qa.tests.TC_ValidateModify -->
