<?xml version="1.0" encoding="UTF-8"?>
<!-- Generated by org.testng.reporters.JUnitReportReporter -->
<testsuite hostname="BLRL42504" name="com.qa.tests.TC_ValidateBackButton" tests="6" failures="0" timestamp="19 Nov 2018 19:09:26 GMT" time="23.592" errors="0">
  <testcase name="closeDriver" time="0.007" classname="com.qa.tests.TC_ValidateBackButton"/>
  <testcase name="ClickBackAndValidate" time="0.654" classname="com.qa.tests.TC_ValidateBackButton"/>
  <testcase name="AEnterUserDetails" time="6.134" classname="com.qa.tests.TC_ValidateBackButton"/>
  <testcase name="launchbrowser" time="6.994" classname="com.qa.tests.TC_ValidateBackButton"/>
  <testcase name="NavigateToURL" time="8.810" classname="com.qa.tests.TC_ValidateBackButton"/>
  <testcase name="BvalidateUserDetails" time="0.993" classname="com.qa.tests.TC_ValidateBackButton"/>
</testsuite> <!-- com.qa.tests.TC_ValidateBackButton -->
